
> sskind@0.0.0 build
> vite build && vite preview --port 9106

vite v6.3.5 building for production...
transforming...
✓ 49 modules transformed.
rendering chunks...
computing gzip size...
dist/index.html                        0.43 kB │ gzip:  0.28 kB
dist/assets/index-CmcCJkQu.css        24.40 kB │ gzip:  4.55 kB
dist/assets/AtlasLayout-CmqrKiNU.js    0.57 kB │ gzip:  0.34 kB
dist/assets/SpatialView-CySlzgIq.js    4.69 kB │ gzip:  1.79 kB
dist/assets/AtlasView-DhrVdf0K.js      5.20 kB │ gzip:  2.02 kB
dist/assets/index-CsOCJFAL.js        166.70 kB │ gzip: 58.01 kB
✓ built in 1.85s
Port 9106 is in use, trying another one...
  ➜  Local:   http://localhost:9107/
  ➜  Network: use --host to expose

> sskind@0.0.0 build
> vite build && vite preview --port 9106

vite v6.3.5 building for production...
transforming...
✓ 49 modules transformed.
rendering chunks...
computing gzip size...
dist/index.html                        0.43 kB │ gzip:  0.28 kB
dist/assets/index-CmcCJkQu.css        24.40 kB │ gzip:  4.55 kB
dist/assets/AtlasLayout-CmqrKiNU.js    0.57 kB │ gzip:  0.34 kB
dist/assets/SpatialView-CySlzgIq.js    4.69 kB │ gzip:  1.79 kB
dist/assets/AtlasView-DhrVdf0K.js      5.20 kB │ gzip:  2.02 kB
dist/assets/index-CsOCJFAL.js        166.70 kB │ gzip: 58.01 kB
✓ built in 2.19s
  ➜  Local:   http://localhost:9106/
  ➜  Network: use --host to expose

> sskind@0.0.0 preview
> vite preview

  ➜  Local:   http://localhost:9118/
  ➜  Network: http://10.95.224.94:9118/
  ➜  Network: http://172.17.0.1:9118/
  ➜  Network: http://172.18.0.1:9118/
  ➜  Network: http://172.21.0.1:9118/
  ➜  Network: http://172.19.0.1:9118/

> sskind@0.0.0 preview
> vite preview

  ➜  Local:   http://localhost:9118/
  ➜  Network: http://10.95.224.94:9118/
  ➜  Network: http://172.17.0.1:9118/
  ➜  Network: http://172.18.0.1:9118/
  ➜  Network: http://172.21.0.1:9118/
  ➜  Network: http://172.19.0.1:9118/

> sskind@0.0.0 preview
> vite preview

  ➜  Local:   http://localhost:9118/
  ➜  Network: http://10.95.224.94:9118/
  ➜  Network: http://172.17.0.1:9118/
  ➜  Network: http://172.18.0.1:9118/
  ➜  Network: http://172.21.0.1:9118/
  ➜  Network: http://172.19.0.1:9118/

> sskind@0.0.0 build
> vite build && vite preview --port 9106

vite v6.3.5 building for production...
transforming...
✓ 49 modules transformed.
rendering chunks...
computing gzip size...
dist/index.html                        0.43 kB │ gzip:  0.28 kB
dist/assets/index-DOjI1Doi.css        24.40 kB │ gzip:  4.55 kB
dist/assets/AtlasLayout-Zzy5iSx8.js    0.57 kB │ gzip:  0.33 kB
dist/assets/SpatialView-DFEvUgc5.js    4.69 kB │ gzip:  1.79 kB
dist/assets/AtlasView-Bg8uRZ5X.js      5.20 kB │ gzip:  2.02 kB
dist/assets/index-Die5vzAE.js        166.70 kB │ gzip: 58.01 kB
✓ built in 1.70s
Port 9106 is in use, trying another one...
Port 9107 is in use, trying another one...
Port 9108 is in use, trying another one...
Port 9109 is in use, trying another one...
Port 9110 is in use, trying another one...
Port 9111 is in use, trying another one...
Port 9112 is in use, trying another one...
Port 9113 is in use, trying another one...
Port 9114 is in use, trying another one...
Port 9115 is in use, trying another one...
Port 9116 is in use, trying another one...
Port 9117 is in use, trying another one...
  ➜  Local:   http://localhost:9118/
  ➜  Network: http://10.95.224.94:9118/
  ➜  Network: http://172.17.0.1:9118/
  ➜  Network: http://172.18.0.1:9118/
  ➜  Network: http://172.21.0.1:9118/
  ➜  Network: http://172.19.0.1:9118/

> sskind@0.0.0 build
> vite build && vite preview --port 9106

vite v6.3.5 building for production...
transforming...
✓ 49 modules transformed.
rendering chunks...
computing gzip size...
dist/index.html                        0.43 kB │ gzip:  0.28 kB
dist/assets/index-DOjI1Doi.css        24.40 kB │ gzip:  4.55 kB
dist/assets/AtlasLayout-Zzy5iSx8.js    0.57 kB │ gzip:  0.33 kB
dist/assets/SpatialView-DFEvUgc5.js    4.69 kB │ gzip:  1.79 kB
dist/assets/AtlasView-Bg8uRZ5X.js      5.20 kB │ gzip:  2.02 kB
dist/assets/index-Die5vzAE.js        166.70 kB │ gzip: 58.01 kB
✓ built in 1.35s
Port 9106 is in use, trying another one...
Port 9107 is in use, trying another one...
Port 9108 is in use, trying another one...
Port 9109 is in use, trying another one...
Port 9110 is in use, trying another one...
Port 9111 is in use, trying another one...
Port 9112 is in use, trying another one...
Port 9113 is in use, trying another one...
Port 9114 is in use, trying another one...
Port 9115 is in use, trying another one...
Port 9116 is in use, trying another one...
Port 9117 is in use, trying another one...
  ➜  Local:   http://localhost:9118/
  ➜  Network: http://10.95.224.94:9118/
  ➜  Network: http://172.17.0.1:9118/
  ➜  Network: http://172.18.0.1:9118/
  ➜  Network: http://172.21.0.1:9118/
  ➜  Network: http://172.19.0.1:9118/
